<?xml version="1.0" encoding="UTF-8"?>
<testng-results ignored="0" total="1" passed="1" failed="0" skipped="0">
  <reporter-output>
  </reporter-output>
  <suite started-at="2023-01-17T11:48:47 IST" name="Default suite" finished-at="2023-01-17T11:48:47 IST" duration-ms="40">
    <groups>
    </groups>
    <test started-at="2023-01-17T11:48:47 IST" name="Default test" finished-at="2023-01-17T11:48:47 IST" duration-ms="40">
      <class name="Demo">
        <test-method signature="demoTest()[pri:0, instance:Demo@54c562f7]" started-at="2023-01-17T11:48:47 IST" name="demoTest" finished-at="2023-01-17T11:48:47 IST" duration-ms="8" status="PASS">
          <reporter-output>
          </reporter-output>
        </test-method> <!-- demoTest -->
      </class> <!-- Demo -->
    </test> <!-- Default test -->
  </suite> <!-- Default suite -->
</testng-results>
